Conversión de Solid Edge a STEP
Fecha: domingo,junio 23,2024 06:29p. m.
Archivo de salida: C:\Users\pablo\OneDrive - UNIVERSIDAD NACIONAL AUTÓNOMA DE MÉXICO\Documents\ParoEmergencia.stp
Autor: Unknown
Organización: Unknown
Sistema de origen: Solid Edge

Equipo:
Procesador: 12th Gen Intel(R) Core(TM) i5-12500H
Sistema operativo: Windows 11 Version:23H2 Build:22631 System Type:64-bit
Memoria instalada: 15.62 GB

Información del programa
Versión de Parasolid: 36.0.142
Versión de PSBodyShop: 36.0.108
Versión del adaptador Step: 13.0.163
Versión de Solid Edge: 224.00.00.101 x64

Opciones de exportación de STEP
Formato de exportación: AP214
Exportar superficies de construcción: Desactivado
Exportar sólidos de construcción: Desactivado
Exportar curvas de construcción: Desactivado
Exportar solo piezas mostradas: Desactivado
Exportar unidades: Millimeters
Exportar nombres de componentes de pieza como Unicode: Desactivado
Exportar PMI: Desactivado

Fase 1 de 1 Convirtiendo Parasolid a tipos de datos externos...
Proceso de conversión completado
Tiempo requerido para convertir:00 : 00 : 00
